# JRE version: Java(TM) SE Runtime Environment (8.0_201-b09) (build 1.8.0_201-b09)
# Java VM: Java HotSpot(TM) 64-Bit Server VM (25.201-b09 mixed mode windows-amd64 compressed oops)
Heap:
 PSYoungGen      total 666624K, used 255706K [0x00000000d5900000, 0x0000000100000000, 0x0000000100000000)
  eden space 643072K, 36% used [0x00000000d5900000,0x00000000e3e4be88,0x00000000fcd00000)
  from space 23552K, 88% used [0x00000000fe900000,0x00000000ffd6aa58,0x0000000100000000)
  to   space 26112K, 0% used [0x00000000fcd00000,0x00000000fcd00000,0x00000000fe680000)
 ParOldGen       total 112128K, used 47772K [0x0000000080a00000, 0x0000000087780000, 0x00000000d5900000)
  object space 112128K, 42% used [0x0000000080a00000,0x00000000838a7230,0x0000000087780000)
 Metaspace       used 58262K, capacity 60764K, committed 60928K, reserved 1103872K
  class space    used 5571K, capacity 6083K, committed 6144K, reserved 1048576K
GC Heap History (10 events):
Event: 15898.529 GC heap before
{Heap before GC invocations=52 (full 6):
 PSYoungGen      total 672768K, used 668231K [0x00000000d5900000, 0x0000000100000000, 0x0000000100000000)
  eden space 650752K, 99% used [0x00000000d5900000,0x00000000fd47c1a8,0x00000000fd480000)
  from space 22016K, 79% used [0x00000000fd480000,0x00000000fe595c10,0x00000000fea00000)
  to   space 22528K, 0% used [0x00000000fea00000,0x00000000fea00000,0x0000000100000000)
 ParOldGen       total 112128K, used 47740K [0x0000000080a00000, 0x0000000087780000, 0x00000000d5900000)
  object space 112128K, 42% used [0x0000000080a00000,0x000000008389f230,0x0000000087780000)
 Metaspace       used 53867K, capacity 56094K, committed 56448K, reserved 1099776K
  class space    used 5205K, capacity 5675K, committed 5760K, reserved 1048576K
Event: 15898.555 GC heap after
Heap after GC invocations=52 (full 6):
 PSYoungGen      total 672768K, used 11741K [0x00000000d5900000, 0x00000000fff80000, 0x0000000100000000)
  eden space 650752K, 0% used [0x00000000d5900000,0x00000000d5900000,0x00000000fd480000)
  from space 22016K, 53% used [0x00000000fea00000,0x00000000ff577430,0x00000000fff80000)
  to   space 22016K, 0% used [0x00000000fd480000,0x00000000fd480000,0x00000000fea00000)
 ParOldGen       total 112128K, used 47740K [0x0000000080a00000, 0x0000000087780000, 0x00000000d5900000)
  object space 112128K, 42% used [0x0000000080a00000,0x000000008389f230,0x0000000087780000)
 Metaspace       used 53867K, capacity 56094K, committed 56448K, reserved 1099776K
  class space    used 5205K, capacity 5675K, committed 5760K, reserved 1048576K
}
Event: 16037.518 GC heap before
{Heap before GC invocations=53 (full 6):
 PSYoungGen      total 672768K, used 662437K [0x00000000d5900000, 0x00000000fff80000, 0x0000000100000000)
  eden space 650752K, 99% used [0x00000000d5900000,0x00000000fd472130,0x00000000fd480000)
  from space 22016K, 53% used [0x00000000fea00000,0x00000000ff577430,0x00000000fff80000)
  to   space 22016K, 0% used [0x00000000fd480000,0x00000000fd480000,0x00000000fea00000)
 ParOldGen       total 112128K, used 47740K [0x0000000080a00000, 0x0000000087780000, 0x00000000d5900000)
  object space 112128K, 42% used [0x0000000080a00000,0x000000008389f230,0x0000000087780000)
 Metaspace       used 54137K, capacity 56318K, committed 56448K, reserved 1099776K
  class space    used 5210K, capacity 5707K, committed 5760K, reserved 1048576K
Event: 16037.574 GC heap after
Heap after GC invocations=53 (full 6):
 PSYoungGen      total 669184K, used 18158K [0x00000000d5900000, 0x0000000100000000, 0x0000000100000000)
  eden space 650752K, 0% used [0x00000000d5900000,0x00000000d5900000,0x00000000fd480000)
  from space 18432K, 98% used [0x00000000fd480000,0x00000000fe63b930,0x00000000fe680000)
  to   space 23040K, 0% used [0x00000000fe980000,0x00000000fe980000,0x0000000100000000)
 ParOldGen       total 112128K, used 47748K [0x0000000080a00000, 0x0000000087780000, 0x00000000d5900000)
  object space 112128K, 42% used [0x0000000080a00000,0x00000000838a1230,0x0000000087780000)
 Metaspace       used 54137K, capacity 56318K, committed 56448K, reserved 1099776K
  class space    used 5210K, capacity 5707K, committed 5760K, reserved 1048576K
}
Event: 16642.284 GC heap before
{Heap before GC invocations=54 (full 6):
 PSYoungGen      total 669184K, used 668910K [0x00000000d5900000, 0x0000000100000000, 0x0000000100000000)
  eden space 650752K, 100% used [0x00000000d5900000,0x00000000fd480000,0x00000000fd480000)
  from space 18432K, 98% used [0x00000000fd480000,0x00000000fe63b930,0x00000000fe680000)
  to   space 23040K, 0% used [0x00000000fe980000,0x00000000fe980000,0x0000000100000000)
 ParOldGen       total 112128K, used 47748K [0x0000000080a00000, 0x0000000087780000, 0x00000000d5900000)
  object space 112128K, 42% used [0x0000000080a00000,0x00000000838a1230,0x0000000087780000)
 Metaspace       used 54257K, capacity 56550K, committed 56704K, reserved 1099776K
  class space    used 5219K, capacity 5717K, committed 5760K, reserved 1048576K
Event: 16642.332 GC heap after
Heap after GC invocations=54 (full 6):
 PSYoungGen      total 672256K, used 16218K [0x00000000d5900000, 0x0000000100000000, 0x0000000100000000)
  eden space 649216K, 0% used [0x00000000d5900000,0x00000000d5900000,0x00000000fd300000)
  from space 23040K, 70% used [0x00000000fe980000,0x00000000ff956928,0x0000000100000000)
  to   space 23040K, 0% used [0x00000000fd300000,0x00000000fd300000,0x00000000fe980000)
 ParOldGen       total 112128K, used 47756K [0x0000000080a00000, 0x0000000087780000, 0x00000000d5900000)
  object space 112128K, 42% used [0x0000000080a00000,0x00000000838a3230,0x0000000087780000)
 Metaspace       used 54257K, capacity 56550K, committed 56704K, reserved 1099776K
  class space    used 5219K, capacity 5717K, committed 5760K, reserved 1048576K
}
Event: 16925.733 GC heap before
{Heap before GC invocations=55 (full 6):
 PSYoungGen      total 672256K, used 665434K [0x00000000d5900000, 0x0000000100000000, 0x0000000100000000)
  eden space 649216K, 100% used [0x00000000d5900000,0x00000000fd300000,0x00000000fd300000)
  from space 23040K, 70% used [0x00000000fe980000,0x00000000ff956928,0x0000000100000000)
  to   space 23040K, 0% used [0x00000000fd300000,0x00000000fd300000,0x00000000fe980000)
 ParOldGen       total 112128K, used 47756K [0x0000000080a00000, 0x0000000087780000, 0x00000000d5900000)
  object space 112128K, 42% used [0x0000000080a00000,0x00000000838a3230,0x0000000087780000)
 Metaspace       used 57713K, capacity 60206K, committed 60416K, reserved 1103872K
  class space    used 5552K, capacity 6065K, committed 6144K, reserved 1048576K
Event: 16925.764 GC heap after
Heap after GC invocations=55 (full 6):
 PSYoungGen      total 671744K, used 22407K [0x00000000d5900000, 0x0000000100000000, 0x0000000100000000)
  eden space 649216K, 0% used [0x00000000d5900000,0x00000000d5900000,0x00000000fd300000)
  from space 22528K, 99% used [0x00000000fd300000,0x00000000fe8e1ec0,0x00000000fe900000)
  to   space 23552K, 0% used [0x00000000fe900000,0x00000000fe900000,0x0000000100000000)
 ParOldGen       total 112128K, used 47764K [0x0000000080a00000, 0x0000000087780000, 0x00000000d5900000)
  object space 112128K, 42% used [0x0000000080a00000,0x00000000838a5230,0x0000000087780000)
 Metaspace       used 57713K, capacity 60206K, committed 60416K, reserved 1103872K
  class space    used 5552K, capacity 6065K, committed 6144K, reserved 1048576K
}
Event: 17149.324 GC heap before
{Heap before GC invocations=56 (full 6):
 PSYoungGen      total 671744K, used 671597K [0x00000000d5900000, 0x0000000100000000, 0x0000000100000000)
  eden space 649216K, 99% used [0x00000000d5900000,0x00000000fd2f97b8,0x00000000fd300000)
  from space 22528K, 99% used [0x00000000fd300000,0x00000000fe8e1ec0,0x00000000fe900000)
  to   space 23552K, 0% used [0x00000000fe900000,0x00000000fe900000,0x0000000100000000)
 ParOldGen       total 112128K, used 47764K [0x0000000080a00000, 0x0000000087780000, 0x00000000d5900000)
  object space 112128K, 42% used [0x0000000080a00000,0x00000000838a5230,0x0000000087780000)
 Metaspace       used 58186K, capacity 60740K, committed 60928K, reserved 1103872K
  class space    used 5567K, capacity 6079K, committed 6144K, reserved 1048576K
Event: 17149.361 GC heap after
Heap after GC invocations=56 (full 6):
 PSYoungGen      total 666624K, used 20906K [0x00000000d5900000, 0x0000000100000000, 0x0000000100000000)
  eden space 643072K, 0% used [0x00000000d5900000,0x00000000d5900000,0x00000000fcd00000)
  from space 23552K, 88% used [0x00000000fe900000,0x00000000ffd6aa58,0x0000000100000000)
  to   space 26112K, 0% used [0x00000000fcd00000,0x00000000fcd00000,0x00000000fe680000)
 ParOldGen       total 112128K, used 47772K [0x0000000080a00000, 0x0000000087780000, 0x00000000d5900000)
  object space 112128K, 42% used [0x0000000080a00000,0x00000000838a7230,0x0000000087780000)
 Metaspace       used 58186K, capacity 60740K, committed 60928K, reserved 1103872K
  class space    used 5567K, capacity 6079K, committed 6144K, reserved 1048576K
}

